<?xml version="1.0" encoding="UTF-8"?>
<testng-results ignored="0" total="1" passed="1" failed="0" skipped="0">
  <reporter-output>
  </reporter-output>
  <suite started-at="2025-04-18T16:51:26 IST" name="Default suite" finished-at="2025-04-18T16:51:43 IST" duration-ms="17037">
    <groups>
    </groups>
    <test started-at="2025-04-18T16:51:26 IST" name="Default test" finished-at="2025-04-18T16:51:43 IST" duration-ms="17037">
      <class name="TutorialNinja.register.TC_RF_003">
        <test-method signature="verifyRegisterAccountWithAllFields()[pri:0, instance:TutorialNinja.register.TC_RF_003@3527942a]" started-at="2025-04-18T16:51:26 IST" name="verifyRegisterAccountWithAllFields" finished-at="2025-04-18T16:51:43 IST" duration-ms="16963" status="PASS">
          <reporter-output>
          </reporter-output>
        </test-method> <!-- verifyRegisterAccountWithAllFields -->
      </class> <!-- TutorialNinja.register.TC_RF_003 -->
    </test> <!-- Default test -->
  </suite> <!-- Default suite -->
</testng-results>
